(1, 0), 511.090617	
(1, 0), 516.180357	
(1, 0), 495.146344	
(1, 0), 511.799595	
(1, 0), 496.406371	
(1, 1), 508.920957	
(1, 1), 499.261446	
(1, 1), 511.366501	
(1, 1), 522.435507	
(1, 2), 501.081125	
(1, 2), 509.560041	
(1, 2), 483.560282	
(1, 3), 516.650500	
(1, 3), 513.984150	
(1, 4), 511.737042	
(2, 0), 498.453911	
(2, 0), 501.322615	
(2, 0), 512.201740	
(2, 0), 491.684995	
(2, 1), 501.555651	
(2, 1), 511.032877	
(2, 1), 497.912145	
(2, 1), 500.769800	
(2, 1), 495.254529	
(2, 2), 483.886352	
(2, 2), 504.034899	
(2, 2), 493.580449	
(2, 2), 512.935452	
(2, 3), 510.708459	
(2, 3), 505.756009	
(2, 3), 478.157059	
(2, 4), 492.776553	
(2, 4), 492.164357	
(2, 5), 507.276303	
(3, 0), 506.983043	
(3, 0), 521.119471	
(3, 0), 510.905780	
(3, 0), 528.199942	
(3, 1), 503.446563	
(3, 1), 500.983877	
(3, 1), 513.200314	
(3, 1), 502.591074	
(3, 2), 503.992825	
(3, 2), 497.682251	
(3, 2), 499.143252	
(3, 2), 499.428205	
(3, 2), 490.851396	
(3, 3), 490.178728	
(3, 3), 492.656986	
(3, 3), 498.401905	
(3, 3), 516.327654	
(3, 4), 502.955778	
(3, 4), 501.360069	
(3, 4), 482.020374	
(3, 5), 493.983512	
(3, 5), 487.965966	
(3, 6), 495.287819	
(4, 0), 511.270753	
(4, 0), 499.353732	
(4, 0), 506.118397	
(4, 0), 514.316015	
(4, 1), 487.912349	
(4, 1), 506.293957	
(4, 1), 486.760021	
(4, 1), 500.736562	
(4, 2), 486.819083	
(4, 2), 502.586961	
(4, 2), 497.402148	
(4, 2), 492.863893	
(4, 3), 516.058832	
(4, 3), 523.356512	
(4, 3), 512.560283	
(4, 3), 519.992807	
(4, 3), 509.092568	
(4, 4), 487.982815	
(4, 4), 488.075208	
(4, 4), 487.975189	
(4, 4), 507.591364	
(4, 5), 510.121782	
(4, 5), 515.998323	
(4, 5), 498.047859	
(4, 6), 503.008407	
(4, 6), 491.264160	
(4, 7), 501.922022	
(5, 4), 495.563067	
(6, 5), 509.207554	
(7, 6), 505.797803	
(8, 7), 509.895925	
(9, 1), 491.782911	
(9, 8), 496.310556	
(0, 0), 510.057748	
(1, 0), 486.474650	
(1, 0), 499.265756	
(1, 0), 504.747631	
(1, 0), 484.092113	
(1, 1), 511.743335	
(1, 1), 526.980143	
(1, 1), 510.817755	
(1, 1), 527.051069	
(1, 1), 521.950952	
(1, 2), 486.774226	
(1, 2), 491.214455	
(1, 2), 495.580133	
(1, 2), 510.400734	
(1, 3), 519.829382	
(1, 3), 530.139206	
(1, 3), 488.509709	
(1, 4), 513.967383	
(1, 4), 508.575729	
(1, 5), 514.796760	
(2, 0), 497.563431	
(2, 0), 504.980385	
(2, 0), 499.333978	
(2, 0), 512.877847	
(2, 1), 485.873136	
(2, 1), 491.975102	
(2, 1), 500.289873	
(2, 1), 492.215936	
(2, 2), 517.611617	
(2, 2), 513.548115	
(2, 2), 505.754086	
(2, 2), 509.707567	
(2, 2), 501.456828	
(2, 3), 482.742114	
(2, 3), 490.043616	
(2, 3), 494.829706	
(2, 3), 507.822162	
(2, 4), 498.463989	
(2, 4), 501.681324	
(2, 4), 472.822197	
(2, 5), 506.063511	
(2, 5), 498.460776	
(2, 6), 496.590307	
(3, 0), 516.601281	
(3, 0), 508.575622	
(3, 0), 518.584206	
(3, 0), 522.731662	
(3, 1), 499.379075	
(3, 1), 515.263271	
(3, 1), 501.296580	
(3, 1), 515.400425	
(3, 2), 479.248392	
(3, 2), 481.318061	
(3, 2), 490.515013	
(3, 2), 488.862399	
(3, 3), 506.679605	
(3, 3), 517.341363	
(3, 3), 501.484935	
(3, 3), 511.942675	
(3, 3), 499.143786	
(3, 4), 485.442524	
(3, 4), 487.348217	
(3, 4), 487.242743	
(3, 4), 509.363216	
(3, 5), 492.962253	
(3, 5), 501.166486	
(3, 5), 476.361685	
(3, 6), 502.487032	
(3, 6), 495.642801	
(3, 7), 505.486841	
(4, 0), 513.960678	
(4, 0), 503.684173	
(4, 0), 489.322656	
(4, 0), 500.932963	
(4, 1), 491.281171	
(4, 1), 487.772593	
(4, 1), 494.722289	
(4, 1), 496.029637	
(4, 2), 483.598208	
(4, 2), 503.855262	
(4, 2), 493.832825	
(4, 2), 502.444640	
(4, 3), 498.985792	
(4, 3), 501.755677	
(4, 3), 515.973375	
(4, 3), 500.337761	
(4, 4), 500.112201	
(4, 4), 504.489737	
(4, 4), 497.248184	
(4, 4), 498.745057	
(4, 4), 499.636437	
(4, 5), 498.001408	
(4, 5), 506.079450	
(4, 5), 499.628418	
(4, 5), 519.644475	
(4, 6), 508.561433	
(4, 6), 505.012795	
(4, 6), 477.470450	
(4, 7), 499.820379	
(4, 7), 493.664241	
(4, 8), 499.717675	
(5, 5), 501.345534	
(6, 6), 510.878087	
(7, 7), 499.925850	
(8, 8), 505.430293	
(9, 9), 487.627788	
(0, 1), 507.503172	
(1, 0), 489.387887	
(1, 0), 506.808083	
(1, 0), 497.736777	
(1, 0), 505.614035	
(1, 1), 513.193169	
(1, 1), 505.121481	
(1, 1), 523.408374	
(1, 1), 509.672055	
(1, 2), 514.740760	
(1, 2), 513.995716	
(1, 2), 498.035943	
(1, 2), 510.879925	
(1, 2), 501.482312	
(1, 3), 504.684336	
(1, 3), 506.026523	
(1, 3), 511.665565	
(1, 3), 531.934195	
(1, 4), 508.475553	
(1, 4), 518.129711	
(1, 4), 490.830135	
(1, 5), 505.156087	
(1, 5), 501.399668	
(1, 6), 498.954057	
(2, 0), 497.242895	
(2, 0), 497.764988	
(2, 0), 503.041631	
(2, 0), 512.664178	
(2, 1), 498.493334	
(2, 1), 504.465988	
(2, 1), 492.864465	
(2, 1), 505.294371	
(2, 2), 491.252712	
(2, 2), 494.503985	
(2, 2), 508.134680	
(2, 2), 496.618035	
(2, 3), 521.552726	
(2, 3), 517.131880	
(2, 3), 498.819761	
(2, 3), 511.586049	
(2, 3), 505.859584	
(2, 4), 478.761270	
(2, 4), 491.723190	
(2, 4), 489.510454	
(2, 4), 497.494741	
(2, 5), 513.391449	
(2, 5), 510.966773	
(2, 5), 485.936776	
(2, 6), 505.413834	
(2, 6), 494.303115	
(2, 7), 499.283334	
(3, 0), 517.188246	
(3, 0), 511.809506	
(3, 0), 499.644161	
(3, 0), 511.244568	
(3, 1), 507.100525	
(3, 1), 503.264863	
(3, 1), 509.259192	
(3, 1), 517.360980	
(3, 2), 480.999390	
(3, 2), 507.277508	
(3, 2), 493.477294	
(3, 2), 491.475825	
(3, 3), 500.583186	
(3, 3), 494.726103	
(3, 3), 507.038484	
(3, 3), 493.743757	
(3, 4), 496.762112	
(3, 4), 504.659669	
(3, 4), 497.368784	
(3, 4), 505.344251	
(3, 4), 493.632309	
(3, 5), 479.589651	
(3, 5), 486.666928	
(3, 5), 488.772292	
(3, 5), 503.262751	
(3, 6), 504.901736	
(3, 6), 504.243001	
(3, 6), 480.836845	
(3, 7), 508.223241	
(3, 7), 495.645790	
(3, 8), 508.038755	
(4, 0), 507.995759	
(4, 0), 522.656504	
(4, 0), 514.941352	
(4, 0), 503.749965	
(4, 1), 490.384268	
(4, 1), 485.794310	
(4, 1), 476.267399	
(4, 1), 487.202238	
(4, 2), 494.480599	
(4, 2), 488.015555	
(4, 2), 500.599626	
(4, 2), 507.958009	
(4, 3), 504.460048	
(4, 3), 512.520300	
(4, 3), 510.484298	
(4, 3), 514.259040	
(4, 4), 488.367453	
(4, 4), 493.972805	
(4, 4), 501.843219	
(4, 4), 486.603299	
(4, 5), 517.004732	
(4, 5), 519.377806	
(4, 5), 515.334261	
(4, 5), 518.858108	
(4, 5), 506.997094	
(4, 6), 487.472357	
(4, 6), 495.481110	
(4, 6), 493.895567	
(4, 6), 513.953892	
(4, 7), 499.304988	
(4, 7), 505.526835	
(4, 7), 485.952170	
(4, 8), 506.102204	
(4, 8), 496.829885	
(4, 9), 497.858427	
(5, 6), 500.144312	
(6, 7), 508.021355	
(7, 8), 502.933435	
(8, 9), 500.510697	
(0, 2), 517.521604	
(1, 0), 499.855904	
(1, 0), 484.049860	
(1, 0), 495.717042	
(1, 0), 509.706577	
(1, 1), 509.179156	
(1, 1), 528.916555	
(1, 1), 513.139981	
(1, 1), 526.642697	
(1, 2), 494.097814	
(1, 2), 497.866689	
(1, 2), 505.296812	
(1, 2), 492.519666	
(1, 3), 526.680777	
(1, 3), 529.213504	
(1, 3), 524.291243	
(1, 3), 524.156365	
(1, 3), 518.069586	
(1, 4), 492.620617	
(1, 4), 499.371431	
(1, 4), 506.354884	
(1, 4), 518.255839	
(1, 5), 508.958980	
(1, 5), 515.918047	
(1, 5), 493.901138	
(1, 6), 500.626117	
(1, 6), 491.884517	
(1, 7), 495.379779	
(2, 0), 498.577681	
(2, 0), 499.643428	
(2, 0), 487.155436	
(2, 0), 492.353791	
(2, 1), 495.923010	
(2, 1), 488.259814	
(2, 1), 499.311359	
(2, 1), 501.754451	
(2, 2), 483.291015	
(2, 2), 516.545545	
(2, 2), 504.068415	
(2, 2), 515.430078	
(2, 3), 489.061224	
(2, 3), 496.370902	
(2, 3), 509.020408	
(2, 3), 494.142708	
(2, 4), 503.586911	
(2, 4), 504.042969	
(2, 4), 500.141792	
(2, 4), 497.389685	
(2, 4), 490.347831	
(2, 5), 489.222741	
(2, 5), 495.153923	
(2, 5), 497.120128	
(2, 5), 513.233695	
(2, 6), 500.238000	
(2, 6), 500.799616	
(2, 6), 486.002393	
(2, 7), 492.530367	
(2, 7), 488.366230	
(2, 8), 501.454153	
(3, 0), 519.274231	
(3, 0), 526.636894	
(3, 0), 516.501926	
(3, 0), 507.174453	
(3, 1), 506.619145	
(3, 1), 504.558862	
(3, 1), 492.294447	
(3, 1), 495.417512	
(3, 2), 487.646296	
(3, 2), 479.745628	
(3, 2), 482.921166	
(3, 2), 497.511769	
(3, 3), 492.479523	
(3, 3), 516.386745	
(3, 3), 500.765349	
(3, 3), 510.092787	
(3, 4), 480.260396	
(3, 4), 491.694196	
(3, 4), 500.347659	
(3, 4), 489.486458	
(3, 5), 498.290324	
(3, 5), 506.668471	
(3, 5), 487.674312	
(3, 5), 499.248699	
(3, 5), 488.410236	
(3, 6), 482.765415	
(3, 6), 488.868373	
(3, 6), 494.366372	
(3, 6), 508.727371	
(3, 7), 505.640485	
(3, 7), 511.313347	
(3, 7), 492.295142	
(3, 8), 511.226693	
(3, 8), 508.664836	
(3, 9), 495.323499	
(4, 0), 502.758391	
(4, 0), 507.364689	
(4, 0), 513.676563	
(4, 1), 489.777079	
(4, 1), 501.576833	
(4, 1), 501.467680	
(4, 1), 483.865989	
(4, 2), 492.569147	
(4, 2), 496.368323	
(4, 2), 478.161354	
(4, 2), 482.946336	
(4, 3), 508.533167	
(4, 3), 496.675187	
(4, 3), 509.792811	
(4, 3), 510.563460	
(4, 4), 483.360204	
(4, 4), 507.366463	
(4, 4), 488.820334	
(4, 4), 506.062707	
(4, 5), 499.409985	
(4, 5), 505.800243	
(4, 5), 517.695009	
(4, 5), 500.257094	
(4, 6), 514.734630	
(4, 6), 505.681299	
(4, 6), 495.103963	
(4, 6), 504.462154	
(4, 6), 501.930171	
(4, 7), 487.057964	
(4, 7), 487.512380	
(4, 7), 490.613284	
(4, 7), 499.291339	
(4, 8), 503.969597	
(4, 8), 508.017582	
(4, 8), 496.973074	
(4, 9), 494.485457	
(4, 9), 489.326155	
(5, 7), 504.443980	
(6, 8), 500.860331	
(7, 9), 499.796964	
(0, 3), 528.272491	
(1, 0), 487.321703	
(1, 0), 483.364002	
(1, 0), 478.261607	
(1, 0), 479.431991	
(1, 1), 515.353725	
(1, 1), 504.320042	
(1, 1), 511.049586	
(1, 1), 522.086638	
(1, 2), 491.383589	
(1, 2), 515.688120	
(1, 2), 487.534756	
(1, 2), 510.380511	
(1, 3), 497.536020	
(1, 3), 509.374443	
(1, 3), 523.989801	
(1, 3), 510.190403	
(1, 4), 500.694373	
(1, 4), 524.645195	
(1, 4), 511.857053	
(1, 4), 522.722997	
(1, 4), 505.338787	
(1, 5), 491.748497	
(1, 5), 502.540770	
(1, 5), 502.666155	
(1, 5), 522.780821	
(1, 6), 496.661249	
(1, 6), 503.135942	
(1, 6), 480.169079	
(1, 7), 502.890350	
(1, 7), 492.110505	
(1, 8), 497.666191	
(2, 0), 494.408603	
(2, 0), 511.283261	
(2, 0), 506.962304	
(2, 0), 488.657930	
(2, 1), 493.892644	
(2, 1), 494.718545	
(2, 1), 480.428229	
(2, 1), 493.604961	
(2, 2), 500.154408	
(2, 2), 493.738440	
(2, 2), 494.588823	
(2, 2), 504.629227	
(2, 3), 490.860282	
(2, 3), 512.622535	
(2, 3), 499.254350	
(2, 3), 509.185560	
(2, 4), 484.183749	
(2, 4), 487.879916	
(2, 4), 509.827818	
(2, 4), 480.349699	
(2, 5), 522.929547	
(2, 5), 524.356616	
(2, 5), 503.903795	
(2, 5), 519.071852	
(2, 5), 504.560734	
(2, 6), 488.126097	
(2, 6), 490.144731	
(2, 6), 494.489981	
(2, 6), 511.049290	
(2, 7), 500.108913	
(2, 7), 504.308104	
(2, 7), 474.447170	
(2, 8), 506.980563	
(2, 8), 512.144351	
(2, 9), 497.428695	
(3, 0), 509.223507	
(3, 0), 518.373509	
(3, 0), 523.538082	
(3, 1), 507.678246	
(3, 1), 524.939638	
(3, 1), 512.570346	
(3, 1), 496.656516	
(3, 2), 478.077962	
(3, 2), 481.042593	
(3, 2), 468.583912	
(3, 2), 479.500458	
(3, 3), 498.316066	
(3, 3), 500.402944	
(3, 3), 503.998133	
(3, 3), 512.576580	
(3, 4), 488.696349	
(3, 4), 505.484218	
(3, 4), 489.223953	
(3, 4), 500.446192	
(3, 5), 487.229889	
(3, 5), 488.757034	
(3, 5), 495.839925	
(3, 5), 485.065158	
(3, 6), 501.023476	
(3, 6), 505.786949	
(3, 6), 503.251497	
(3, 6), 502.011960	
(3, 6), 492.281516	
(3, 7), 493.020336	
(3, 7), 496.465054	
(3, 7), 498.736818	
(3, 7), 514.153150	
(3, 8), 513.085320	
(3, 8), 520.321252	
(3, 8), 490.256763	
(3, 9), 496.121862	
(3, 9), 489.329886	
(4, 0), 514.888046	
(4, 0), 505.562837	
(4, 1), 491.993011	
(4, 1), 487.199541	
(4, 1), 496.671003	
(4, 2), 500.387394	
(4, 2), 510.160339	
(4, 2), 502.222593	
(4, 2), 481.916385	
(4, 3), 513.383812	
(4, 3), 506.311777	
(4, 3), 487.910310	
(4, 3), 502.460212	
(4, 4), 494.721860	
(4, 4), 491.223944	
(4, 4), 498.003361	
(4, 4), 506.017484	
(4, 5), 501.347506	
(4, 5), 518.843918	
(4, 5), 505.645077	
(4, 5), 524.820202	
(4, 6), 494.966760	
(4, 6), 496.847481	
(4, 6), 510.371838	
(4, 6), 499.826490	
(4, 7), 516.136374	
(4, 7), 505.559237	
(4, 7), 499.366596	
(4, 7), 500.905371	
(4, 7), 495.745823	
(4, 8), 487.042219	
(4, 8), 496.634410	
(4, 8), 487.152824	
(4, 8), 509.088664	
(4, 9), 500.095849	
(4, 9), 499.836670	
(4, 9), 482.463622	
(5, 8), 506.530410	
(6, 9), 501.091906	
(0, 4), 510.529269	
(1, 0), 496.319411	
(1, 0), 503.133092	
(1, 0), 498.548832	
(1, 0), 479.872286	
(1, 1), 515.952259	
(1, 1), 505.216803	
(1, 1), 492.620831	
(1, 1), 498.082118	
(1, 2), 498.620620	
(1, 2), 492.170268	
(1, 2), 502.119819	
(1, 2), 509.132406	
(1, 3), 515.402764	
(1, 3), 525.376777	
(1, 3), 517.312839	
(1, 3), 523.863601	
(1, 4), 508.048605	
(1, 4), 503.750723	
(1, 4), 513.305418	
(1, 4), 500.707143	
(1, 5), 524.459104	
(1, 5), 520.829280	
(1, 5), 516.075104	
(1, 5), 518.039237	
(1, 5), 516.537459	
(1, 6), 483.966118	
(1, 6), 481.853381	
(1, 6), 488.289855	
(1, 6), 500.891394	
(1, 7), 501.441990	
(1, 7), 507.057762	
(1, 7), 475.692329	
(1, 8), 504.234023	
(1, 8), 492.641662	
(1, 9), 502.434991	
(2, 0), 501.201482	
(2, 0), 505.204141	
(2, 0), 501.066753	
(2, 1), 494.507121	
(2, 1), 504.860740	
(2, 1), 499.637422	
(2, 1), 482.500573	
(2, 2), 498.611146	
(2, 2), 491.567495	
(2, 2), 477.586982	
(2, 2), 487.349399	
(2, 3), 503.487401	
(2, 3), 493.981120	
(2, 3), 495.805125	
(2, 3), 508.770409	
(2, 4), 488.483232	
(2, 4), 502.073544	
(2, 4), 496.686139	
(2, 4), 503.318268	
(2, 5), 493.803067	
(2, 5), 500.955069	
(2, 5), 508.529190	
(2, 5), 498.307860	
(2, 6), 523.914609	
(2, 6), 513.197249	
(2, 6), 499.501353	
(2, 6), 505.514170	
(2, 6), 501.728004	
(2, 7), 482.368471	
(2, 7), 483.378215	
(2, 7), 495.235476	
(2, 7), 508.414322	
(2, 8), 509.875907	
(2, 8), 513.789344	
(2, 8), 501.037847	
(2, 9), 507.218793	
(2, 9), 496.551569	
(3, 0), 527.110401	
(3, 0), 518.895519	
(3, 1), 510.004994	
(3, 1), 502.331309	
(3, 1), 507.615170	
(3, 2), 485.283382	
(3, 2), 493.012106	
(3, 2), 492.840816	
(3, 2), 469.661439	
(3, 3), 508.430857	
(3, 3), 492.076541	
(3, 3), 489.003359	
(3, 3), 495.927469	
(3, 4), 499.964488	
(3, 4), 491.201814	
(3, 4), 492.129530	
(3, 4), 504.865158	
(3, 5), 486.931048	
(3, 5), 503.335033	
(3, 5), 497.801201	
(3, 5), 496.647422	
(3, 6), 484.221649	
(3, 6), 498.177729	
(3, 6), 503.056932	
(3, 6), 492.461694	
(3, 7), 496.790165	
(3, 7), 523.673043	
(3, 7), 506.886551	
(3, 7), 517.005549	
(3, 7), 508.580055	
(3, 8), 492.335454	
(3, 8), 503.040781	
(3, 8), 498.703526	
(3, 8), 517.806206	
(3, 9), 488.209761	
(3, 9), 500.884257	
(3, 9), 479.726090	
(4, 0), 513.651100	
(4, 1), 497.980203	
(4, 1), 488.988863	
(4, 2), 488.113775	
(4, 2), 492.598126	
(4, 2), 501.998944	
(4, 3), 503.965822	
(4, 3), 516.109379	
(4, 3), 518.233539	
(4, 3), 493.171656	
(4, 4), 497.652219	
(4, 4), 487.716050	
(4, 4), 480.530190	
(4, 4), 485.981577	
(4, 5), 509.385471	
(4, 5), 503.220308	
(4, 5), 512.960366	
(4, 5), 519.742837	
(4, 6), 493.107525	
(4, 6), 510.404512	
(4, 6), 503.496652	
(4, 6), 505.651268	
(4, 7), 496.572991	
(4, 7), 493.727759	
(4, 7), 507.829903	
(4, 7), 492.392093	
(4, 8), 513.630911	
(4, 8), 508.948276	
(4, 8), 499.273969	
(4, 8), 504.819657	
(4, 8), 495.305558	
(4, 9), 485.889778	
(4, 9), 487.422109	
(4, 9), 492.322377	
(4, 9), 506.398684	
(5, 9), 492.859013	
(0, 5), 527.961873	
(1, 0), 482.387054	
(1, 0), 499.659305	
(1, 0), 494.153403	
(1, 1), 508.223604	
(1, 1), 521.908910	
(1, 1), 522.121783	
(1, 1), 498.747820	
(1, 2), 502.361432	
(1, 2), 490.793527	
(1, 2), 485.092297	
(1, 2), 495.548180	
(1, 3), 507.219654	
(1, 3), 506.948444	
(1, 3), 518.731294	
(1, 3), 524.926690	
(1, 4), 501.518253	
(1, 4), 522.669696	
(1, 4), 508.860609	
(1, 4), 518.485909	
(1, 5), 494.244784	
(1, 5), 504.972397	
(1, 5), 516.069898	
(1, 5), 505.138187	
(1, 6), 534.117128	
(1, 6), 510.054061	
(1, 6), 497.349570	
(1, 6), 510.049476	
(1, 6), 495.411781	
(1, 7), 490.513702	
(1, 7), 495.102766	
(1, 7), 490.172568	
(1, 7), 510.128262	
(1, 8), 502.956757	
(1, 8), 499.560640	
(1, 8), 476.647075	
(1, 9), 494.500689	
(1, 9), 498.966326	
(2, 0), 510.460675	
(2, 0), 501.270958	
(2, 1), 493.949635	
(2, 1), 486.035130	
(2, 1), 503.545971	
(2, 2), 502.181994	
(2, 2), 499.392295	
(2, 2), 508.962266	
(2, 2), 488.675830	
(2, 3), 495.072130	
(2, 3), 502.359461	
(2, 3), 483.220996	
(2, 3), 483.151522	
(2, 4), 497.167229	
(2, 4), 495.406842	
(2, 4), 498.207490	
(2, 4), 497.522486	
(2, 5), 495.521808	
(2, 5), 516.623893	
(2, 5), 504.920467	
(2, 5), 516.303322	
(2, 6), 496.420972	
(2, 6), 495.521438	
(2, 6), 505.125390	
(2, 6), 498.070836	
(2, 7), 515.623510	
(2, 7), 501.181324	
(2, 7), 493.041482	
(2, 7), 509.221620	
(2, 7), 495.498438	
(2, 8), 490.603954	
(2, 8), 508.713869	
(2, 8), 496.851021	
(2, 8), 513.622787	
(2, 9), 503.159377	
(2, 9), 505.617431	
(2, 9), 489.170323	
(3, 0), 513.596622	
(3, 1), 512.432153	
(3, 1), 510.211892	
(3, 2), 488.710845	
(3, 2), 490.318914	
(3, 2), 491.220829	
(3, 3), 507.660432	
(3, 3), 518.139063	
(3, 3), 515.445974	
(3, 3), 487.897973	
(3, 4), 495.946663	
(3, 4), 487.552932	
(3, 4), 484.493805	
(3, 4), 478.318190	
(3, 5), 489.259907	
(3, 5), 488.264111	
(3, 5), 492.994093	
(3, 5), 502.777212	
(3, 6), 496.196620	
(3, 6), 508.619214	
(3, 6), 492.760506	
(3, 6), 504.366906	
(3, 7), 492.836054	
(3, 7), 504.818405	
(3, 7), 518.674581	
(3, 7), 500.429281	
(3, 8), 499.112149	
(3, 8), 527.325890	
(3, 8), 504.459947	
(3, 8), 518.807853	
(3, 8), 504.409995	
(3, 9), 482.571156	
(3, 9), 485.102658	
(3, 9), 488.269185	
(3, 9), 506.704276	
(4, 1), 497.603767	
(4, 2), 496.975210	
(4, 2), 493.096980	
(4, 3), 506.031326	
(4, 3), 499.401288	
(4, 3), 508.353156	
(4, 4), 498.774630	
(4, 4), 500.550992	
(4, 4), 505.725872	
(4, 4), 481.437718	
(4, 5), 505.774480	
(4, 5), 505.357724	
(4, 5), 489.356745	
(4, 5), 493.292918	
(4, 6), 498.451345	
(4, 6), 501.301698	
(4, 6), 498.730331	
(4, 6), 499.924795	
(4, 7), 487.491724	
(4, 7), 505.928758	
(4, 7), 495.075341	
(4, 7), 511.819903	
(4, 8), 491.746785	
(4, 8), 495.559193	
(4, 8), 499.668408	
(4, 8), 498.441983	
(4, 9), 511.898546	
(4, 9), 504.670809	
(4, 9), 499.859469	
(4, 9), 508.364888	
(4, 9), 494.480168	
(0, 6), 525.298307	
(1, 0), 502.074841	
(1, 0), 496.671619	
(1, 1), 509.580433	
(1, 1), 511.626345	
(1, 1), 511.887639	
(1, 2), 503.857260	
(1, 2), 508.073694	
(1, 2), 502.359144	
(1, 2), 494.588348	
(1, 3), 510.573255	
(1, 3), 512.668536	
(1, 3), 494.674932	
(1, 3), 508.674570	
(1, 4), 503.508302	
(1, 4), 500.737747	
(1, 4), 504.461259	
(1, 4), 522.028201	
(1, 5), 511.724133	
(1, 5), 517.634171	
(1, 5), 506.840379	
(1, 5), 524.083629	
(1, 6), 493.368926	
(1, 6), 491.978918	
(1, 6), 502.487484	
(1, 6), 490.088696	
(1, 7), 521.538568	
(1, 7), 506.466844	
(1, 7), 508.019331	
(1, 7), 504.806426	
(1, 7), 500.003611	
(1, 8), 484.469178	
(1, 8), 488.373548	
(1, 8), 494.955150	
(1, 8), 506.275423	
(1, 9), 497.484975	
(1, 9), 504.006304	
(1, 9), 503.395231	
(1, 9), 481.959468	
(2, 0), 502.938130	
(2, 1), 490.115156	
(2, 1), 497.235333	
(2, 2), 492.778550	
(2, 2), 495.678609	
(2, 2), 500.415164	
(2, 3), 500.256192	
(2, 3), 513.061646	
(2, 3), 503.042406	
(2, 3), 483.715200	
(2, 4), 487.210593	
(2, 4), 492.028351	
(2, 4), 475.148695	
(2, 4), 477.027158	
(2, 5), 502.662420	
(2, 5), 498.115978	
(2, 5), 502.482533	
(2, 5), 514.601999	
(2, 6), 488.617976	
(2, 6), 522.122633	
(2, 6), 491.955857	
(2, 6), 512.336911	
(2, 7), 489.791847	
(2, 7), 497.416874	
(2, 7), 502.930164	
(2, 7), 492.542533	
(2, 8), 515.358104	
(2, 8), 519.387694	
(2, 8), 512.060677	
(2, 8), 512.926304	
(2, 8), 510.698702	
(2, 9), 488.438314	
(2, 9), 494.299989	
(2, 9), 492.570691	
(2, 9), 512.986335	
(3, 1), 517.271449	
(3, 2), 489.629319	
(3, 2), 485.474861	
(3, 3), 503.067417	
(3, 3), 498.048985	
(3, 3), 499.821156	
(3, 4), 495.509032	
(3, 4), 505.116198	
(3, 4), 503.954294	
(3, 4), 481.547295	
(3, 5), 492.535689	
(3, 5), 486.380240	
(3, 5), 470.603719	
(3, 5), 487.058621	
(3, 6), 491.123026	
(3, 6), 482.715702	
(3, 6), 500.872675	
(3, 6), 507.587611	
(3, 7), 500.984635	
(3, 7), 511.579864	
(3, 7), 510.201547	
(3, 7), 517.790389	
(3, 8), 502.427966	
(3, 8), 504.780969	
(3, 8), 515.518079	
(3, 8), 502.140982	
(3, 9), 489.802764	
(3, 9), 508.114658	
(3, 9), 492.189617	
(3, 9), 503.399136	
(3, 9), 491.111050	
(4, 2), 500.647789	
(4, 3), 507.583466	
(4, 3), 507.173974	
(4, 4), 489.155178	
(4, 4), 493.890749	
(4, 4), 492.430596	
(4, 5), 511.730322	
(4, 5), 519.932854	
(4, 5), 516.577791	
(4, 5), 504.698709	
(4, 6), 495.894166	
(4, 6), 486.496196	
(4, 6), 475.915893	
(4, 6), 488.810419	
(4, 7), 496.516064	
(4, 7), 484.164039	
(4, 7), 496.017051	
(4, 7), 502.170497	
(4, 8), 492.532806	
(4, 8), 511.159428	
(4, 8), 492.372366	
(4, 8), 508.705288	
(4, 9), 482.960568	
(4, 9), 493.951742	
(4, 9), 501.984293	
(4, 9), 487.435198	
(0, 7), 515.111590	
(1, 0), 501.229214	
(1, 1), 515.454579	
(1, 1), 517.664419	
(1, 2), 497.478763	
(1, 2), 509.849451	
(1, 2), 502.375477	
(1, 3), 511.347230	
(1, 3), 526.499007	
(1, 3), 519.665435	
(1, 3), 507.719542	
(1, 4), 500.270619	
(1, 4), 502.512061	
(1, 4), 489.393854	
(1, 4), 502.342286	
(1, 5), 507.455761	
(1, 5), 500.266507	
(1, 5), 508.233494	
(1, 5), 507.996162	
(1, 6), 480.177936	
(1, 6), 504.716843	
(1, 6), 493.521192	
(1, 6), 511.840785	
(1, 7), 490.841786	
(1, 7), 494.136367	
(1, 7), 508.102045	
(1, 7), 486.966891	
(1, 8), 515.869850	
(1, 8), 491.512840	
(1, 8), 516.199425	
(1, 8), 494.316412	
(1, 8), 509.273732	
(1, 8), 501.434849	
(1, 9), 495.774115	
(1, 9), 492.586262	
(1, 9), 490.732393	
(1, 9), 494.896785	
(1, 9), 510.596459	
(2, 1), 493.485475	
(2, 2), 511.728734	
(2, 2), 508.044907	
(2, 3), 498.224294	
(2, 3), 496.097573	
(2, 3), 498.210347	
(2, 4), 487.936923	
(2, 4), 498.724517	
(2, 4), 504.717605	
(2, 4), 479.873953	
(2, 5), 502.463131	
(2, 5), 503.870641	
(2, 5), 493.714630	
(2, 5), 488.166478	
(2, 6), 495.815782	
(2, 6), 499.307323	
(2, 6), 506.673263	
(2, 6), 508.055943	
(2, 7), 486.213723	
(2, 7), 506.999570	
(2, 7), 494.542817	
(2, 7), 500.897919	
(2, 8), 505.165319	
(2, 8), 507.364497	
(2, 8), 518.633238	
(2, 8), 503.312456	
(2, 9), 502.981746	
(2, 9), 490.091518	
(2, 9), 519.820781	
(2, 9), 498.484538	
(2, 9), 505.108501	
(2, 9), 496.629253	
(3, 2), 487.844617	
(3, 3), 503.809124	
(3, 3), 499.934793	
(3, 4), 496.096513	
(3, 4), 491.739279	
(3, 4), 495.854606	
(3, 5), 488.319731	
(3, 5), 499.941366	
(3, 5), 496.846105	
(3, 5), 478.163959	
(3, 6), 486.689987	
(3, 6), 488.934399	
(3, 6), 473.107945	
(3, 6), 487.814130	
(3, 7), 507.575010	
(3, 7), 511.379042	
(3, 7), 506.945405	
(3, 7), 517.840641	
(3, 8), 497.523924	
(3, 8), 514.802323	
(3, 8), 508.274244	
(3, 8), 519.606347	
(3, 9), 488.005534	
(3, 9), 484.761699	
(3, 9), 500.553993	
(3, 9), 487.933114	
(4, 3), 504.744026	
(4, 4), 497.628712	
(4, 4), 496.904044	
(4, 5), 513.302634	
(4, 5), 508.143399	
(4, 5), 514.187731	
(4, 6), 507.424834	
(4, 6), 511.160806	
(4, 6), 507.866000	
(4, 6), 486.879630	
(4, 7), 492.352132	
(4, 7), 490.501039	
(4, 7), 476.677672	
(4, 7), 491.299031	
(4, 8), 499.907873	
(4, 8), 491.596335	
(4, 8), 497.688086	
(4, 8), 506.557124	
(4, 9), 491.227448	
(4, 9), 507.030824	
(4, 9), 498.428938	
(4, 9), 511.109820	
(0, 8), 516.675069	
(1, 1), 511.223821	
(1, 2), 505.788223	
(1, 2), 501.959233	
(1, 3), 509.943548	
(1, 3), 516.538611	
(1, 3), 503.221074	
(1, 4), 503.219784	
(1, 4), 518.199940	
(1, 4), 513.469096	
(1, 4), 493.658555	
(1, 5), 507.568844	
(1, 5), 500.855944	
(1, 5), 491.804531	
(1, 5), 502.958395	
(1, 6), 490.387155	
(1, 6), 493.892541	
(1, 6), 495.268465	
(1, 6), 500.940109	
(1, 7), 495.698537	
(1, 7), 490.674604	
(1, 7), 506.639457	
(1, 7), 506.567756	
(1, 7), 515.248885	
(1, 8), 491.099358	
(1, 8), 484.145173	
(1, 8), 495.090062	
(1, 8), 509.201260	
(1, 8), 483.145403	
(1, 9), 518.429102	
(1, 9), 514.779744	
(1, 9), 496.763101	
(1, 9), 498.699459	
(1, 9), 501.520600	
(1, 9), 502.727373	
(2, 2), 499.523714	
(2, 3), 503.306611	
(2, 3), 502.918598	
(2, 4), 486.579654	
(2, 4), 489.538583	
(2, 4), 490.728549	
(2, 5), 509.488456	
(2, 5), 516.527302	
(2, 5), 504.405702	
(2, 5), 489.059886	
(2, 6), 496.196733	
(2, 6), 492.668621	
(2, 6), 466.985587	
(2, 6), 482.394579	
(2, 7), 498.317415	
(2, 7), 495.785055	
(2, 7), 490.412491	
(2, 7), 506.306195	
(2, 8), 506.070750	
(2, 8), 504.196559	
(2, 8), 522.601867	
(2, 8), 506.681088	
(2, 8), 522.809075	
(2, 9), 490.743165	
(2, 9), 495.860475	
(2, 9), 497.596760	
(2, 9), 513.161705	
(2, 9), 492.577117	
(3, 3), 504.739641	
(3, 4), 497.456781	
(3, 4), 489.813294	
(3, 5), 481.952067	
(3, 5), 491.102435	
(3, 5), 497.057231	
(3, 6), 489.381371	
(3, 6), 504.590722	
(3, 6), 495.672708	
(3, 6), 481.076780	
(3, 7), 505.433641	
(3, 7), 499.297717	
(3, 7), 486.535942	
(3, 7), 502.034518	
(3, 8), 514.376389	
(3, 8), 500.700947	
(3, 8), 505.881822	
(3, 8), 524.929589	
(3, 9), 490.734356	
(3, 9), 490.951567	
(3, 9), 508.117198	
(3, 9), 497.516919	
(3, 9), 507.083510	
(4, 4), 499.097837	
(4, 5), 515.914057	
(4, 5), 510.037181	
(4, 6), 495.438834	
(4, 6), 505.641442	
(4, 6), 500.734400	
(4, 7), 498.303580	
(4, 7), 506.220020	
(4, 7), 505.679354	
(4, 7), 480.337207	
(4, 8), 499.961577	
(4, 8), 493.457070	
(4, 8), 477.591738	
(4, 8), 485.822723	
(4, 9), 498.995684	
(4, 9), 489.912952	
(4, 9), 497.229068	
(4, 9), 498.133040	
(0, 9), 507.421174	
(1, 2), 503.019746	
(1, 3), 514.333233	
(1, 3), 516.437497	
(1, 4), 504.442730	
(1, 4), 508.013364	
(1, 4), 510.648429	
(1, 5), 505.929478	
(1, 5), 519.143244	
(1, 5), 516.829065	
(1, 5), 493.625406	
(1, 6), 490.752602	
(1, 6), 488.958619	
(1, 6), 486.576621	
(1, 6), 476.479139	
(1, 6), 482.215617	
(1, 7), 497.146343	
(1, 7), 495.055527	
(1, 7), 498.080303	
(1, 7), 495.674279	
(1, 7), 507.759612	
(1, 8), 483.585031	
(1, 8), 497.887976	
(1, 8), 506.373395	
(1, 8), 494.812484	
(1, 8), 505.624131	
(1, 9), 488.656924	
(1, 9), 498.588055	
(1, 9), 512.899960	
(1, 9), 499.988561	
(1, 9), 489.512961	
(2, 3), 501.960002	
(2, 4), 494.448613	
(2, 4), 490.615763	
(2, 5), 496.097748	
(2, 5), 503.068864	
(2, 5), 501.774081	
(2, 6), 500.656449	
(2, 6), 505.966886	
(2, 6), 501.912832	
(2, 6), 488.079149	
(2, 7), 495.964059	
(2, 7), 487.297730	
(2, 7), 494.638064	
(2, 7), 476.979649	
(2, 7), 484.957329	
(2, 8), 509.116770	
(2, 8), 513.610500	
(2, 8), 504.000145	
(2, 8), 505.823724	
(2, 8), 517.173836	
(2, 9), 489.634400	
(2, 9), 499.970846	
(2, 9), 505.239654	
(2, 9), 500.672322	
(2, 9), 499.284944	
(3, 4), 493.257048	
(3, 5), 497.479287	
(3, 5), 488.448748	
(3, 6), 495.119509	
(3, 6), 484.608802	
(3, 6), 494.839408	
(3, 7), 505.986220	
(3, 7), 522.707070	
(3, 7), 507.997266	
(3, 7), 494.675892	
(3, 8), 497.427553	
(3, 8), 507.914747	
(3, 8), 500.966280	
(3, 8), 490.229818	
(3, 8), 494.519186	
(3, 9), 489.444580	
(3, 9), 491.156740	
(3, 9), 488.072605	
(3, 9), 494.014228	
(3, 9), 505.821009	
(4, 5), 512.780728	
(4, 6), 504.166045	
(4, 6), 496.202804	
(4, 7), 493.538784	
(4, 7), 493.684191	
(4, 7), 495.978120	
(4, 8), 496.355272	
(4, 8), 501.349936	
(4, 8), 502.425097	
(4, 8), 490.141458	
(4, 9), 490.943095	
(4, 9), 493.904888	
(4, 9), 490.771844	
(4, 9), 482.062765	
(4, 9), 486.062473	
(0, 4), 521.808357	
(1, 3), 516.820635	
(1, 4), 507.205238	
(1, 4), 516.989226	
(1, 5), 508.897351	
(1, 5), 507.941640	
(1, 5), 510.739815	
(1, 5), 518.347132	
(1, 6), 488.032363	
(1, 6), 496.962225	
(1, 6), 496.389357	
(1, 6), 498.229567	
(1, 6), 483.788515	
(1, 7), 492.068624	
(1, 7), 500.832749	
(1, 7), 492.108584	
(1, 7), 484.217547	
(1, 7), 487.561584	
(1, 8), 494.817340	
(1, 8), 488.723096	
(1, 8), 501.701181	
(1, 8), 491.674263	
(1, 8), 509.494361	
(1, 9), 495.465501	
(1, 9), 509.988935	
(1, 9), 500.035843	
(1, 9), 495.358822	
(1, 9), 509.385680	
(2, 4), 493.243454	
(2, 5), 503.356293	
(2, 5), 508.425155	
(2, 6), 500.117983	
(2, 6), 497.321893	
(2, 6), 496.377812	
(2, 6), 499.588757	
(2, 7), 491.928413	
(2, 7), 497.401507	
(2, 7), 502.635994	
(2, 7), 499.633659	
(2, 7), 485.330678	
(2, 8), 506.496601	
(2, 8), 510.342939	
(2, 8), 498.173837	
(2, 8), 486.127590	
(2, 8), 505.121428	
(2, 9), 501.294449	
(2, 9), 491.538737	
(2, 9), 503.160010	
(2, 9), 494.548149	
(2, 9), 510.359337	
(3, 5), 490.364862	
(3, 6), 494.262287	
(3, 6), 495.567973	
(3, 7), 504.455029	
(3, 7), 503.600916	
(3, 7), 505.493163	
(3, 7), 509.730417	
(3, 8), 506.397057	
(3, 8), 506.597015	
(3, 8), 512.940684	
(3, 8), 518.054974	
(3, 8), 490.954606	
(3, 9), 489.537028	
(3, 9), 494.782302	
(3, 9), 486.374014	
(3, 9), 475.713333	
(3, 9), 482.670393	
(4, 6), 505.704471	
(4, 7), 500.528802	
(4, 7), 498.061088	
(4, 8), 494.065767	
(4, 8), 493.932853	
(4, 8), 493.042230	
(4, 8), 497.678053	
(4, 9), 493.170443	
(4, 9), 494.001509	
(4, 9), 506.127972	
(4, 9), 500.186163	
(4, 9), 480.308192	
(0, 3), 509.173941	
(0, 4), 507.449759	
(1, 4), 512.050063	
(1, 4), 509.939879	
(1, 5), 500.693549	
(1, 5), 516.372261	
(1, 5), 507.086918	
(1, 6), 490.948376	
(1, 6), 493.884421	
(1, 6), 493.296626	
(1, 6), 494.091533	
(1, 7), 496.527636	
(1, 7), 505.159380	
(1, 7), 516.166527	
(1, 7), 510.352438	
(1, 7), 481.886381	
(1, 8), 495.938313	
(1, 8), 488.028421	
(1, 8), 480.060642	
(1, 8), 491.610636	
(1, 8), 484.699787	
(1, 9), 495.149390	
(1, 9), 491.419312	
(1, 9), 501.979473	
(1, 9), 503.496408	
(1, 9), 505.717639	
(2, 5), 500.142856	
(2, 5), 497.940048	
(2, 6), 497.087903	
(2, 6), 498.920967	
(2, 6), 499.882690	
(2, 7), 496.288418	
(2, 7), 501.110743	
(2, 7), 491.517991	
(2, 7), 491.929409	
(2, 8), 511.418652	
(2, 8), 517.671837	
(2, 8), 519.079306	
(2, 8), 512.218453	
(2, 8), 500.174995	
(2, 9), 491.563509	
(2, 9), 497.125449	
(2, 9), 482.723432	
(2, 9), 493.104323	
(2, 9), 495.816338	
(3, 6), 489.454462	
(3, 6), 498.284328	
(3, 7), 496.682476	
(3, 7), 507.023754	
(3, 7), 506.433024	
(3, 8), 504.397778	
(3, 8), 508.555179	
(3, 8), 504.509118	
(3, 8), 506.484476	
(3, 9), 493.264208	
(3, 9), 498.013191	
(3, 9), 505.452044	
(3, 9), 504.304625	
(3, 9), 481.251823	
(4, 7), 493.125577	
(4, 7), 496.239543	
(4, 8), 492.213749	
(4, 8), 504.646562	
(4, 8), 488.473792	
(4, 9), 495.077029	
(4, 9), 495.262884	
(4, 9), 489.986125	
(4, 9), 500.438924	
(0, 2), 516.561543	
(0, 3), 522.610923	
(0, 4), 500.603858	
(1, 3), 518.647162	
(1, 4), 512.553946	
(1, 5), 508.366265	
(1, 5), 510.946874	
(1, 6), 492.364718	
(1, 6), 501.649300	
(1, 6), 498.299226	
(1, 7), 502.292960	
(1, 7), 489.026584	
(1, 7), 492.935167	
(1, 7), 490.616558	
(1, 8), 494.752040	
(1, 8), 504.002469	
(1, 8), 500.206792	
(1, 8), 481.237250	
(1, 8), 507.413529	
(1, 9), 495.032623	
(1, 9), 498.836286	
(1, 9), 482.040302	
(1, 9), 495.164653	
(1, 9), 505.654983	
(2, 4), 493.039911	
(2, 5), 495.526601	
(2, 6), 505.769632	
(2, 6), 503.933810	
(2, 7), 507.368351	
(2, 7), 498.671115	
(2, 7), 508.384544	
(2, 8), 501.777334	
(2, 8), 513.016541	
(2, 8), 508.579416	
(2, 8), 502.586553	
(2, 9), 495.234263	
(2, 9), 503.178308	
(2, 9), 502.789409	
(2, 9), 479.301678	
(2, 9), 505.620276	
(3, 5), 496.471008	
(3, 6), 490.857587	
(3, 7), 504.909002	
(3, 7), 503.200118	
(3, 8), 510.332075	
(3, 8), 508.868420	
(3, 8), 526.532016	
(3, 9), 486.973363	
(3, 9), 485.886505	
(3, 9), 493.145907	
(3, 9), 490.310629	
(4, 6), 495.421364	
(4, 7), 497.396506	
(4, 8), 496.132872	
(4, 8), 499.965867	
(4, 9), 498.761059	
(4, 9), 490.726240	
(4, 9), 503.364330	
(0, 1), 507.629877	
(0, 2), 508.776082	
(0, 3), 509.562707	
(0, 4), 522.579968	
(1, 2), 507.589751	
(1, 3), 514.189489	
(1, 4), 493.146662	
(1, 5), 518.159754	
(1, 6), 500.094393	
(1, 6), 490.440598	
(1, 7), 501.521831	
(1, 7), 497.955028	
(1, 7), 505.470196	
(1, 8), 489.661714	
(1, 8), 499.690493	
(1, 8), 499.779836	
(1, 8), 509.447586	
(1, 9), 495.121779	
(1, 9), 505.881740	
(1, 9), 500.690066	
(1, 9), 482.799749	
(1, 9), 508.314534	
(2, 3), 505.970735	
(2, 4), 496.055945	
(2, 5), 510.104117	
(2, 6), 513.664863	
(2, 7), 505.617098	
(2, 7), 496.108290	
(2, 8), 507.964641	
(2, 8), 500.732441	
(2, 8), 514.550853	
(2, 9), 498.273100	
(2, 9), 487.668549	
(2, 9), 501.267472	
(2, 9), 501.034313	
(3, 4), 494.511322	
(3, 5), 496.709749	
(3, 6), 500.275559	
(3, 7), 519.196338	
(3, 8), 512.665391	
(3, 8), 506.700815	
(3, 9), 499.286056	
(3, 9), 494.126147	
(3, 9), 504.756473	
(4, 5), 503.477293	
(4, 6), 495.721345	
(4, 7), 497.545053	
(4, 8), 510.570345	
(4, 9), 500.352036	
(4, 9), 498.182412	
(0, 1), 534.506736	
(0, 2), 521.242426	
(0, 3), 522.323323	
(0, 4), 522.904336	
(1, 1), 512.357963	
(1, 2), 487.523214	
(1, 3), 513.623987	
(1, 4), 524.700201	
(1, 5), 508.324450	
(1, 6), 509.550866	
(1, 7), 498.604203	
(1, 7), 502.769615	
(1, 8), 499.334296	
(1, 8), 490.020232	
(1, 8), 501.366824	
(1, 9), 504.990210	
(1, 9), 499.129307	
(1, 9), 502.413976	
(1, 9), 508.806310	
(2, 2), 486.873508	
(2, 3), 500.579945	
(2, 4), 485.996658	
(2, 5), 520.069586	
(2, 6), 498.382228	
(2, 7), 506.707031	
(2, 8), 507.691655	
(2, 8), 516.354608	
(2, 9), 499.472850	
(2, 9), 498.780017	
(2, 9), 502.737029	
(3, 3), 500.984121	
(3, 4), 478.493250	
(3, 5), 487.308906	
(3, 6), 506.203197	
(3, 7), 500.720290	
(3, 8), 511.090752	
(3, 9), 499.592669	
(3, 9), 498.199160	
(4, 4), 494.087366	
(4, 5), 506.720430	
(4, 6), 506.265976	
(4, 7), 508.029345	
(4, 8), 504.144018	
(4, 9), 503.594297	
(0, 1), 509.663964	
(0, 2), 514.077450	
(0, 3), 522.216094	
(0, 4), 500.740245	
(1, 0), 489.456964	
(1, 1), 531.561851	
(1, 2), 509.063066	
(1, 3), 528.068044	
(1, 4), 521.674330	
(1, 5), 523.626317	
(1, 6), 500.671242	
(1, 7), 504.957340	
(1, 8), 497.502544	
(1, 8), 506.756537	
(1, 9), 487.913883	
(1, 9), 502.267455	
(1, 9), 498.539461	
(2, 1), 495.081621	
(2, 2), 496.982600	
(2, 3), 508.368846	
(2, 4), 514.300990	
(2, 5), 501.808906	
(2, 6), 515.707992	
(2, 7), 503.987064	
(2, 8), 516.997756	
(2, 9), 500.130334	
(2, 9), 506.986339	
(3, 2), 478.187776	
(3, 3), 501.009982	
(3, 4), 499.122077	
(3, 5), 504.301676	
(3, 6), 502.838554	
(3, 7), 521.658706	
(3, 8), 517.990115	
(3, 9), 501.439935	
(4, 3), 501.553317	
(4, 4), 506.779737	
(4, 5), 513.775974	
(4, 6), 509.027505	
(4, 7), 496.776639	
(4, 8), 512.072032	
(4, 9), 509.340502	
(5, 4), 501.484158	
(0, 1), 505.833686	
(0, 2), 528.617458	
(0, 3), 509.776095	
(0, 4), 523.648690	
(1, 0), 492.514013	
(1, 1), 508.955676	
(1, 2), 515.746138	
(1, 3), 508.072045	
(1, 4), 528.344464	
(1, 5), 518.423676	
(1, 6), 504.818648	
(1, 7), 506.879392	
(1, 8), 494.675623	
(1, 9), 500.786734	
(2, 0), 502.086399	
(2, 1), 512.987138	
(2, 2), 509.162663	
(2, 3), 527.855758	
(2, 4), 488.402152	
(2, 5), 514.330868	
(2, 6), 507.295101	
(2, 7), 499.649861	
(2, 8), 518.582273	
(2, 9), 498.021574	
(3, 1), 497.543624	
(3, 2), 462.749832	
(3, 3), 501.812827	
(3, 4), 509.224919	
(3, 5), 490.388954	
(3, 6), 499.309816	
(3, 7), 522.461039	
(3, 8), 519.134599	
(3, 9), 502.885138	
(4, 2), 488.335954	
(4, 3), 511.688141	
(4, 4), 481.469849	
(4, 5), 522.176485	
(4, 6), 497.527544	
(4, 7), 508.382227	
(4, 8), 506.092506	
(4, 9), 504.199654	
(5, 3), 496.529218	
(5, 4), 488.137156	
(6, 4), 496.384525	
(0, 1), 509.849870	
(0, 2), 499.638442	
(0, 3), 514.031493	
(0, 4), 516.423440	
(1, 0), 495.446568	
(1, 1), 515.749061	
(1, 2), 519.375165	
(1, 3), 521.060482	
(1, 4), 517.917887	
(1, 5), 519.196108	
(1, 6), 498.514101	
(1, 7), 497.806283	
(2, 0), 498.325531	
(2, 1), 493.205910	
(2, 2), 511.983535	
(2, 3), 506.209544	
(2, 4), 498.134651	
(2, 5), 513.665875	
(2, 6), 512.159180	
(2, 7), 503.782886	
(2, 8), 511.253247	
(3, 0), 517.547533	
(3, 1), 521.669815	
(3, 2), 484.860581	
(3, 3), 504.057482	
(3, 4), 497.843539	
(3, 5), 498.480656	
(3, 6), 508.943358	
(3, 7), 514.517404	
(3, 8), 518.728045	
(3, 9), 486.470080	
(4, 1), 486.968077	
(4, 2), 492.124718	
(4, 3), 504.954598	
(4, 4), 509.732528	
(4, 5), 511.245094	
(4, 6), 507.521651	
(4, 7), 505.328300	
(4, 8), 503.907698	
(4, 9), 501.215305	
(5, 2), 493.295449	
(5, 3), 492.629255	
(5, 4), 470.808874	
(6, 3), 493.908819	
(6, 4), 495.815526	
(7, 4), 506.941522	
(0, 1), 510.881572	
(0, 2), 503.577250	
(0, 3), 497.151323	
(0, 4), 504.688058	
(1, 0), 513.300399	
(1, 1), 506.640926	
(1, 2), 495.124872	
(1, 3), 515.865802	
(1, 4), 511.260790	
(1, 5), 519.445693	
(1, 6), 499.979023	
(2, 0), 505.026449	
(2, 1), 517.479600	
(2, 2), 507.487955	
(2, 3), 497.815057	
(2, 4), 513.641200	
(2, 5), 511.950496	
(2, 6), 498.737952	
(2, 7), 494.843040	
(3, 0), 510.824738	
(3, 1), 500.667391	
(3, 2), 484.464472	
(3, 3), 490.150402	
(3, 4), 505.203960	
(3, 5), 501.935319	
(3, 6), 513.075083	
(3, 7), 515.482457	
(3, 8), 508.364118	
(4, 0), 503.515137	
(4, 1), 497.828546	
(4, 2), 507.037276	
(4, 3), 519.016001	
(4, 4), 499.897169	
(4, 5), 522.038266	
(4, 6), 507.854433	
(4, 7), 505.923122	
(4, 8), 505.166179	
(4, 9), 497.104521	
(5, 1), 481.468961	
(5, 2), 484.363547	
(5, 3), 486.052831	
(5, 4), 503.779222	
(6, 2), 503.009937	
(6, 3), 511.114280	
(6, 4), 485.144903	
(7, 3), 506.653614	
(7, 4), 492.541317	
(8, 4), 503.360079	
(0, 1), 507.451295	
(0, 2), 519.282812	
(0, 3), 514.945609	
(0, 4), 503.007435	
(1, 0), 492.052241	
(1, 1), 515.862595	
(1, 2), 514.216656	
(1, 3), 506.818871	
(1, 4), 501.338919	
(1, 5), 509.547643	
(2, 0), 514.166837	
(2, 1), 506.087470	
(2, 2), 512.233576	
(2, 3), 506.890794	
(2, 4), 507.760258	
(2, 5), 504.662168	
(2, 6), 495.418648	
(3, 0), 522.080392	
(3, 1), 512.826934	
(3, 2), 501.303233	
(3, 3), 502.671219	
(3, 4), 510.014026	
(3, 5), 500.668988	
(3, 6), 502.091651	
(3, 7), 508.487814	
(4, 0), 508.304275	
(4, 1), 493.312208	
(4, 2), 508.880677	
(4, 3), 502.720107	
(4, 4), 503.917372	
(4, 5), 521.599743	
(4, 6), 512.387287	
(4, 7), 502.595683	
(4, 8), 495.426377	
(5, 1), 511.129002	
(5, 2), 497.000092	
(5, 3), 506.424148	
(5, 4), 496.599768	
(6, 1), 482.394040	
(6, 2), 490.154006	
(6, 3), 498.353720	
(6, 4), 506.927259	
(7, 2), 500.359539	
(7, 3), 499.953509	
(7, 4), 484.538902	
(8, 3), 510.388250	
(8, 4), 499.871399	
(9, 4), 493.996409	
(0, 1), 506.989122	
(0, 2), 510.041682	
(0, 3), 511.809061	
(1, 0), 499.222682	
(1, 1), 517.711699	
(1, 2), 522.662834	
(1, 3), 520.930550	
(1, 4), 512.286266	
(2, 0), 496.522904	
(2, 1), 508.667728	
(2, 2), 510.569112	
(2, 3), 500.682489	
(2, 4), 495.765112	
(2, 5), 502.115080	
(3, 0), 526.549090	
(3, 1), 511.099247	
(3, 2), 494.733506	
(3, 3), 499.200528	
(3, 4), 503.082849	
(3, 5), 504.651320	
(3, 6), 496.134183	
(4, 0), 512.866198	
(4, 1), 502.127828	
(4, 2), 493.150787	
(4, 3), 512.504060	
(4, 4), 504.477239	
(4, 5), 511.262241	
(4, 6), 507.103420	
(4, 7), 501.137846	
(5, 1), 493.752757	
(5, 2), 490.623814	
(5, 3), 507.250549	
(5, 4), 491.446432	
(6, 1), 507.083011	
(6, 2), 506.695268	
(6, 3), 499.479933	
(6, 4), 504.678542	
(7, 1), 483.860075	
(7, 2), 490.826835	
(7, 3), 496.719614	
(7, 4), 511.328861	
(8, 2), 513.252833	
(8, 3), 507.061308	
(8, 4), 488.052285	
(9, 3), 491.699872	
(9, 4), 482.943685	
(0, 1), 518.882565	
(0, 2), 509.416535	
(1, 0), 505.534596	
(1, 1), 506.610830	
(1, 2), 516.722402	
(1, 3), 509.722768	
(2, 0), 512.762672	
(2, 1), 503.343118	
(2, 2), 508.840943	
(2, 3), 514.377059	
(2, 4), 491.638208	
(3, 0), 508.215905	
(3, 1), 497.421323	
(3, 2), 493.508446	
(3, 3), 500.682405	
(3, 4), 491.213812	
(3, 5), 497.994271	
(4, 0), 517.651333	
(4, 1), 501.385848	
(4, 2), 498.117293	
(4, 3), 510.607522	
(4, 4), 501.604799	
(4, 5), 516.884775	
(4, 6), 506.635829	
(5, 1), 488.293078	
(5, 2), 508.003665	
(5, 3), 494.415104	
(5, 4), 501.327529	
(6, 1), 487.186427	
(6, 2), 489.726331	
(6, 3), 499.644410	
(6, 4), 495.621508	
(7, 1), 514.675679	
(7, 2), 503.600160	
(7, 3), 504.163463	
(7, 4), 497.624353	
(8, 1), 486.696162	
(8, 2), 496.980226	
(8, 3), 492.214058	
(8, 4), 516.663260	
(9, 2), 492.531486	
(9, 3), 503.633211	
(9, 4), 476.720214	
(0, 1), 517.288754	
(1, 0), 505.233855	
(1, 1), 514.655054	
(1, 2), 514.012026	
(2, 0), 513.390676	
(2, 1), 502.447003	
(2, 2), 517.207608	
(2, 3), 511.104044	
(3, 0), 527.986075	
(3, 1), 512.633824	
(3, 2), 481.329913	
(3, 3), 496.408390	
(3, 4), 498.895424	
(4, 0), 514.873856	
(4, 1), 513.530217	
(4, 2), 512.114581	
(4, 3), 507.152067	
(4, 4), 496.658262	
(4, 5), 509.169350	
(5, 1), 495.031284	
(5, 2), 491.631002	
(5, 3), 495.614720	
(5, 4), 506.936557	
(6, 1), 496.581327	
(6, 2), 509.044721	
(6, 3), 494.333282	
(6, 4), 506.068312	
(7, 1), 483.255845	
(7, 2), 489.902603	
(7, 3), 506.196513	
(7, 4), 485.840719	
(8, 1), 518.403746	
(8, 2), 506.536007	
(8, 3), 509.378429	
(8, 4), 502.980546	
(9, 1), 480.059228	
(9, 2), 482.557493	
(9, 3), 491.546357	
(9, 4), 498.906835	
(1, 0), 501.563944	
(1, 1), 506.612964	
(2, 0), 514.467508	
(2, 1), 499.967332	
(2, 2), 511.622071	
(3, 0), 524.030712	
(3, 1), 502.010963	
(3, 2), 485.864846	
(3, 3), 496.297952	
(4, 0), 521.362963	
(4, 1), 510.877503	
(4, 2), 514.702494	
(4, 3), 516.514264	
(4, 4), 499.826304	
(5, 1), 488.322931	
(5, 2), 493.669506	
(5, 3), 478.495456	
(5, 4), 484.853329	
(6, 1), 495.411707	
(6, 2), 494.929311	
(6, 3), 495.622497	
(6, 4), 509.744879	
(7, 1), 492.207129	
(7, 2), 511.589717	
(7, 3), 498.280955	
(7, 4), 507.705346	
(8, 1), 491.191651	
(8, 2), 501.252755	
(8, 3), 511.057101	
(8, 4), 496.946333	
(9, 0), 485.457103	
(9, 1), 495.996227	
(9, 2), 496.911526	
(9, 3), 493.610372	
(9, 4), 491.831990	
(1, 0), 498.385129	
(2, 0), 520.873841	
(2, 1), 497.665271	
(3, 0), 529.232140	
(3, 1), 521.020572	
(3, 2), 491.293260	
(4, 0), 512.825359	
(4, 0), 513.880690	
(4, 1), 505.726955	
(4, 2), 495.969056	
(4, 3), 508.984154	
(5, 1), 493.261999	
(5, 2), 498.427655	
(5, 3), 496.616533	
(5, 4), 478.764323	
(6, 1), 493.078292	
(6, 2), 487.779568	
(6, 3), 479.969552	
(6, 4), 482.120583	
(7, 1), 494.457113	
(7, 2), 482.396425	
(7, 3), 497.814114	
(7, 4), 504.222835	
(8, 0), 503.384861	
(8, 1), 502.129704	
(8, 2), 518.972764	
(8, 3), 505.313365	
(8, 4), 509.806574	
(9, 1), 488.419417	
(9, 1), 480.510428	
(9, 2), 487.395308	
(9, 3), 505.517464	
(9, 4), 485.887726	
(2, 0), 501.739866	
(3, 0), 518.835136	
(3, 0), 525.496836	
(3, 1), 496.750924	
(4, 0), 514.957744	
(4, 0), 507.316314	
(4, 0), 525.979473	
(4, 1), 493.309333	
(4, 1), 512.316267	
(4, 2), 496.262192	
(5, 1), 485.725776	
(5, 2), 489.763213	
(5, 3), 497.515631	
(6, 1), 499.822703	
(6, 2), 507.800804	
(6, 3), 499.548753	
(6, 4), 481.631095	
(7, 0), 493.129906	
(7, 1), 493.139629	
(7, 2), 492.728828	
(7, 3), 477.976316	
(7, 4), 495.138566	
(8, 1), 499.843296	
(8, 1), 501.226167	
(8, 2), 499.083498	
(8, 3), 502.911701	
(8, 4), 510.449439	
(9, 1), 489.719824	
(9, 2), 488.484385	
(9, 2), 496.609225	
(9, 3), 485.453625	
(9, 4), 502.782120	
(2, 0), 508.931635	
(3, 0), 517.439905	
(3, 0), 514.918396	
(3, 0), 521.039294	
(3, 1), 514.026191	
(4, 0), 511.656171	
(4, 0), 517.656284	
(4, 0), 494.714548	
(4, 0), 519.440156	
(4, 1), 500.216225	
(4, 1), 498.286077	
(4, 1), 505.815042	
(4, 2), 494.346609	
(5, 1), 494.971693	
(5, 2), 491.542448	
(6, 0), 489.141181	
(6, 1), 493.349037	
(6, 2), 499.016113	
(6, 3), 493.618325	
(7, 1), 503.012681	
(7, 1), 492.231300	
(7, 2), 503.894871	
(7, 3), 495.334296	
(7, 4), 481.743697	
(8, 1), 497.066115	
(8, 2), 503.561042	
(8, 2), 492.230091	
(8, 3), 485.776819	
(8, 4), 490.530958	
(9, 1), 486.233330	
(9, 2), 484.545199	
(9, 3), 509.623057	
(9, 3), 490.114462	
(9, 4), 498.521112	
(1, 0), 490.938211	
(2, 0), 498.445708	
(2, 0), 499.436895	
(2, 1), 496.628663	
(3, 0), 521.152803	
(3, 0), 525.676603	
(3, 0), 500.028859	
(3, 1), 508.112826	
(3, 1), 499.080862	
(3, 2), 482.697033	
(4, 0), 495.903823	
(4, 0), 505.258193	
(4, 0), 501.469085	
(4, 0), 524.124940	
(4, 0), 510.396423	
(4, 1), 497.148431	
(4, 1), 496.991741	
(4, 1), 477.293668	
(4, 2), 491.269399	
(4, 2), 490.591368	
(4, 3), 505.325101	
(5, 0), 495.005020	
(5, 1), 495.256080	
(6, 1), 492.396706	
(6, 1), 503.769503	
(6, 2), 496.553496	
(7, 1), 495.819030	
(7, 2), 495.105198	
(7, 2), 503.331370	
(7, 3), 490.040296	
(8, 1), 502.874985	
(8, 2), 508.762758	
(8, 3), 514.434112	
(8, 3), 502.833988	
(8, 4), 491.080998	
(9, 1), 482.477129	
(9, 2), 485.417195	
(9, 3), 478.813886	
(9, 4), 490.538239	
(9, 4), 481.112171	
(1, 0), 493.641138	
(1, 0), 486.765910	
(1, 1), 513.299520	
(2, 0), 505.646602	
(2, 0), 512.277015	
(2, 0), 494.307491	
(2, 1), 502.786495	
(2, 1), 496.003883	
(2, 2), 499.479598	
(3, 0), 508.859287	
(3, 0), 506.996822	
(3, 0), 506.545925	
(3, 0), 527.812677	
(3, 1), 510.512020	
(3, 1), 515.099140	
(3, 1), 485.835768	
(3, 2), 484.282956	
(3, 2), 478.585229	
(3, 3), 497.678580	
(4, 0), 494.457922	
(4, 0), 526.606778	
(4, 0), 516.095668	
(4, 0), 519.601687	
(4, 0), 514.901462	
(4, 1), 483.263268	
(4, 1), 490.828689	
(4, 1), 492.472441	
(4, 1), 503.439056	
(4, 2), 498.804875	
(4, 2), 500.998459	
(4, 2), 478.568102	
(4, 3), 506.456958	
(4, 3), 506.023070	
(4, 4), 497.075796	
(5, 1), 487.168619	
(6, 1), 501.540573	
(6, 2), 504.180717	
(7, 1), 503.167945	
(7, 2), 490.386651	
(7, 3), 512.566781	
(8, 1), 493.676308	
(8, 2), 502.605142	
(8, 3), 504.370141	
(8, 4), 488.219878	
(9, 1), 486.592870	
(9, 2), 496.882670	
(9, 3), 490.128106	
(9, 4), 478.743912	
(9, 5), 500.754473	
(1, 0), 497.424377	
(1, 0), 497.802867	
(1, 0), 475.696088	
(1, 1), 508.269950	
(1, 1), 508.259535	
(1, 2), 499.755732	
(2, 0), 487.263026	
(2, 0), 501.289061	
(2, 0), 499.873817	
(2, 0), 515.768884	
(2, 1), 495.458186	
(2, 1), 505.346020	
(2, 1), 478.325769	
(2, 2), 504.670454	
(2, 2), 497.670087	
(2, 3), 500.558959	
(3, 0), 489.735802	
(3, 0), 529.186415	
(3, 0), 517.098660	
(3, 0), 526.695468	
(3, 0), 519.370349	
(3, 1), 502.221508	
(3, 1), 498.755936	
(3, 1), 495.739460	
(3, 1), 515.143487	
(3, 2), 489.848104	
(3, 2), 500.098063	
(3, 2), 466.332397	
(3, 3), 503.479587	
(3, 3), 496.091419	
(3, 4), 494.170519	
(4, 0), 504.470573	
(4, 0), 501.030892	
(4, 0), 516.388643	
(4, 0), 500.745812	
(4, 1), 506.124765	
(4, 1), 506.192502	
(4, 1), 495.355599	
(4, 1), 497.462054	
(4, 1), 493.484919	
(4, 2), 491.405176	
(4, 2), 484.211776	
(4, 2), 488.660256	
(4, 2), 501.154409	
(4, 3), 517.433905	
(4, 3), 515.715412	
(4, 3), 486.345408	
(4, 4), 502.903234	
(4, 4), 494.771428	
(4, 5), 514.209986	
(5, 2), 492.267143	
(6, 3), 502.905612	
(7, 1), 499.481717	
(7, 4), 494.377565	
(8, 1), 511.670412	
(8, 2), 498.208445	
(8, 5), 521.216352	
(9, 1), 480.956832	
(9, 2), 490.959573	
(9, 3), 487.497588	
(9, 6), 506.362306	
(1, 0), 481.944035	
(1, 0), 486.307615	
(1, 0), 481.144171	
(1, 0), 502.224697	
(1, 1), 514.202081	
(1, 1), 523.913207	
(1, 1), 498.755620	
(1, 2), 504.045203	
(1, 2), 504.044520	
(1, 3), 518.396671	
(2, 0), 508.829796	
(2, 0), 519.313137	
(2, 0), 515.644717	
(2, 0), 510.123990	
(2, 0), 498.612164	
(2, 1), 484.425473	
(2, 1), 485.106101	
(2, 1), 494.848833	
(2, 1), 506.652384	
(2, 2), 504.479318	
(2, 2), 510.283383	
(2, 2), 484.209331	
(2, 3), 506.332927	
(2, 3), 489.125497	
(2, 4), 488.917544	
(3, 0), 500.128538	
(3, 0), 514.794490	
(3, 0), 527.413239	
(3, 0), 506.040378	
(3, 1), 487.629937	
(3, 1), 522.101575	
(3, 1), 514.828666	
(3, 1), 517.910406	
(3, 1), 513.873029	
(3, 2), 473.768389	
(3, 2), 478.658996	
(3, 2), 480.237351	
(3, 2), 498.162533	
(3, 3), 509.743028	
(3, 3), 513.972758	
(3, 3), 485.602505	
(3, 4), 494.418034	
(3, 4), 493.140568	
(3, 5), 493.037795	
(4, 0), 502.635070	
(4, 0), 524.782360	
(4, 0), 510.610263	
(4, 0), 523.945808	
(4, 1), 480.168878	
(4, 1), 483.703625	
(4, 1), 503.705504	
(4, 1), 489.476322	
(4, 2), 501.512955	
(4, 2), 514.152388	
(4, 2), 502.176180	
(4, 2), 500.733781	
(4, 2), 499.262251	
(4, 3), 494.744404	
(4, 3), 500.439620	
(4, 3), 492.372049	
(4, 3), 519.770498	
(4, 4), 501.892194	
(4, 4), 499.085696	
(4, 4), 479.559645	
(4, 5), 513.722466	
(4, 5), 504.903532	
(4, 6), 499.673662	
(5, 3), 507.875855	
(6, 4), 489.353082	
(7, 5), 518.144631	
(8, 1), 499.918167	
(8, 6), 510.037610	
(9, 1), 486.663853	
(9, 2), 484.783401	
(9, 7), 497.802737	
